This is pdfTeX, Version 3.1415926-2.5-1.40.14 (MiKTeX 2.9) (preloaded format=pdflatex 2014.9.25)  3 MAY 2018 03:53
entering extended mode
**QRNGshortPIIN_report.tex

(C:\Users\Robin\Documents\Writing\Reports\shot_PIIN_QRNG_report\QRNGshortPIIN_r
eport.tex
LaTeX2e <2011/06/27>
Babel <v3.8m> and hyphenation patterns for english, afrikaans, ancientgreek, ar
abic, armenian, assamese, basque, bengali, bokmal, bulgarian, catalan, coptic, 
croatian, czech, danish, dutch, esperanto, estonian, farsi, finnish, french, ga
lician, german, german-x-2013-05-26, greek, gujarati, hindi, hungarian, iceland
ic, indonesian, interlingua, irish, italian, kannada, kurmanji, latin, latvian,
 lithuanian, malayalam, marathi, mongolian, mongolianlmc, monogreek, ngerman, n
german-x-2013-05-26, nynorsk, oriya, panjabi, pinyin, polish, portuguese, roman
ian, russian, sanskrit, serbian, slovak, slovenian, spanish, swedish, swissgerm
an, tamil, telugu, turkish, turkmen, ukenglish, ukrainian, uppersorbian, usengl
ishmax, welsh, loaded.
("C:\Program Files (x86)\MiKTeX 2.9\tex\latex\base\article.cls"
Document Class: article 2007/10/19 v1.4h Standard LaTeX document class
("C:\Program Files (x86)\MiKTeX 2.9\tex\latex\base\size10.clo"
File: size10.clo 2007/10/19 v1.4h Standard LaTeX file (size option)
)
\c@part=\count79
\c@section=\count80
\c@subsection=\count81
\c@subsubsection=\count82
\c@paragraph=\count83
\c@subparagraph=\count84
\c@figure=\count85
\c@table=\count86
\abovecaptionskip=\skip41
\belowcaptionskip=\skip42
\bibindent=\dimen102
)
("C:\Program Files (x86)\MiKTeX 2.9\tex\latex\geometry\geometry.sty"
Package: geometry 2010/09/12 v5.6 Page Geometry

("C:\Program Files (x86)\MiKTeX 2.9\tex\latex\graphics\keyval.sty"
Package: keyval 1999/03/16 v1.13 key=value parser (DPC)
\KV@toks@=\toks14
)
("C:\Program Files (x86)\MiKTeX 2.9\tex\generic\oberdiek\ifpdf.sty"
Package: ifpdf 2011/01/30 v2.3 Provides the ifpdf switch (HO)
Package ifpdf Info: pdfTeX in PDF mode is detected.
)
("C:\Program Files (x86)\MiKTeX 2.9\tex\generic\oberdiek\ifvtex.sty"
Package: ifvtex 2010/03/01 v1.5 Detect VTeX and its facilities (HO)
Package ifvtex Info: VTeX not detected.
)
("C:\Program Files (x86)\MiKTeX 2.9\tex\generic\ifxetex\ifxetex.sty"
Package: ifxetex 2010/09/12 v0.6 Provides ifxetex conditional
)
\Gm@cnth=\count87
\Gm@cntv=\count88
\c@Gm@tempcnt=\count89
\Gm@bindingoffset=\dimen103
\Gm@wd@mp=\dimen104
\Gm@odd@mp=\dimen105
\Gm@even@mp=\dimen106
\Gm@layoutwidth=\dimen107
\Gm@layoutheight=\dimen108
\Gm@layouthoffset=\dimen109
\Gm@layoutvoffset=\dimen110
\Gm@dimlist=\toks15

("C:\Program Files (x86)\MiKTeX 2.9\tex\latex\geometry\geometry.cfg"))
("C:\Program Files (x86)\MiKTeX 2.9\tex\latex\graphics\graphicx.sty"
Package: graphicx 1999/02/16 v1.0f Enhanced LaTeX Graphics (DPC,SPQR)

("C:\Program Files (x86)\MiKTeX 2.9\tex\latex\graphics\graphics.sty"
Package: graphics 2009/02/05 v1.0o Standard LaTeX Graphics (DPC,SPQR)

("C:\Program Files (x86)\MiKTeX 2.9\tex\latex\graphics\trig.sty"
Package: trig 1999/03/16 v1.09 sin cos tan (DPC)
)
("C:\Program Files (x86)\MiKTeX 2.9\tex\latex\00miktex\graphics.cfg"
File: graphics.cfg 2007/01/18 v1.5 graphics configuration of teTeX/TeXLive
)
Package graphics Info: Driver file: pdftex.def on input line 91.

("C:\Program Files (x86)\MiKTeX 2.9\tex\latex\pdftex-def\pdftex.def"
File: pdftex.def 2011/05/27 v0.06d Graphics/color for pdfTeX

("C:\Program Files (x86)\MiKTeX 2.9\tex\generic\oberdiek\infwarerr.sty"
Package: infwarerr 2010/04/08 v1.3 Providing info/warning/error messages (HO)
)
("C:\Program Files (x86)\MiKTeX 2.9\tex\generic\oberdiek\ltxcmds.sty"
Package: ltxcmds 2011/11/09 v1.22 LaTeX kernel commands for general use (HO)
)
\Gread@gobject=\count90
))
\Gin@req@height=\dimen111
\Gin@req@width=\dimen112
)
("C:\Program Files (x86)\MiKTeX 2.9\tex\latex\float\float.sty"
Package: float 2001/11/08 v1.3d Float enhancements (AL)
\c@float@type=\count91
\float@exts=\toks16
\float@box=\box26
\@float@everytoks=\toks17
\@floatcapt=\box27
)
("C:\Program Files (x86)\MiKTeX 2.9\tex\latex\caption\caption.sty"
Package: caption 2015/09/17 v3.3-111 Customizing captions (AR)

("C:\Program Files (x86)\MiKTeX 2.9\tex\latex\caption\caption3.sty"
Package: caption3 2015/09/20 v1.7-115 caption3 kernel (AR)
Package caption3 Info: TeX engine: e-TeX on input line 57.
\captionmargin=\dimen113
\captionmargin@=\dimen114
\captionwidth=\dimen115
\caption@tempdima=\dimen116
\caption@indent=\dimen117
\caption@parindent=\dimen118
\caption@hangindent=\dimen119
)
\c@ContinuedFloat=\count92
Package caption Info: float package is loaded.
)
("C:\Program Files (x86)\MiKTeX 2.9\tex\latex\cite\cite.sty"
LaTeX Info: Redefining \cite on input line 302.
LaTeX Info: Redefining \nocite on input line 332.
Package: cite 2015/02/27  v 5.5
)
("C:\Program Files (x86)\MiKTeX 2.9\tex\latex\was\gensymb.sty"
Package: gensymb 2003/07/02 v1.0 (WaS)
)
("C:\Program Files (x86)\MiKTeX 2.9\tex\latex\base\textcomp.sty"
Package: textcomp 2005/09/27 v1.99g Standard LaTeX package
Package textcomp Info: Sub-encoding information:
(textcomp)               5 = only ISO-Adobe without \textcurrency
(textcomp)               4 = 5 + \texteuro
(textcomp)               3 = 4 + \textohm
(textcomp)               2 = 3 + \textestimated + \textcurrency
(textcomp)               1 = TS1 - \textcircled - \t
(textcomp)               0 = TS1 (full)
(textcomp)             Font families with sub-encoding setting implement
(textcomp)             only a restricted character set as indicated.
(textcomp)             Family '?' is the default used for unknown fonts.
(textcomp)             See the documentation for details.
Package textcomp Info: Setting ? sub-encoding to TS1/1 on input line 71.

("C:\Program Files (x86)\MiKTeX 2.9\tex\latex\base\ts1enc.def"
File: ts1enc.def 2001/06/05 v3.0e (jk/car/fm) Standard LaTeX file
)
LaTeX Info: Redefining \oldstylenums on input line 266.
Package textcomp Info: Setting cmr sub-encoding to TS1/0 on input line 281.
Package textcomp Info: Setting cmss sub-encoding to TS1/0 on input line 282.
Package textcomp Info: Setting cmtt sub-encoding to TS1/0 on input line 283.
Package textcomp Info: Setting cmvtt sub-encoding to TS1/0 on input line 284.
Package textcomp Info: Setting cmbr sub-encoding to TS1/0 on input line 285.
Package textcomp Info: Setting cmtl sub-encoding to TS1/0 on input line 286.
Package textcomp Info: Setting ccr sub-encoding to TS1/0 on input line 287.
Package textcomp Info: Setting ptm sub-encoding to TS1/4 on input line 288.
Package textcomp Info: Setting pcr sub-encoding to TS1/4 on input line 289.
Package textcomp Info: Setting phv sub-encoding to TS1/4 on input line 290.
Package textcomp Info: Setting ppl sub-encoding to TS1/3 on input line 291.
Package textcomp Info: Setting pag sub-encoding to TS1/4 on input line 292.
Package textcomp Info: Setting pbk sub-encoding to TS1/4 on input line 293.
Package textcomp Info: Setting pnc sub-encoding to TS1/4 on input line 294.
Package textcomp Info: Setting pzc sub-encoding to TS1/4 on input line 295.
Package textcomp Info: Setting bch sub-encoding to TS1/4 on input line 296.
Package textcomp Info: Setting put sub-encoding to TS1/5 on input line 297.
Package textcomp Info: Setting uag sub-encoding to TS1/5 on input line 298.
Package textcomp Info: Setting ugq sub-encoding to TS1/5 on input line 299.
Package textcomp Info: Setting ul8 sub-encoding to TS1/4 on input line 300.
Package textcomp Info: Setting ul9 sub-encoding to TS1/4 on input line 301.
Package textcomp Info: Setting augie sub-encoding to TS1/5 on input line 302.
Package textcomp Info: Setting dayrom sub-encoding to TS1/3 on input line 303.
Package textcomp Info: Setting dayroms sub-encoding to TS1/3 on input line 304.

Package textcomp Info: Setting pxr sub-encoding to TS1/0 on input line 305.
Package textcomp Info: Setting pxss sub-encoding to TS1/0 on input line 306.
Package textcomp Info: Setting pxtt sub-encoding to TS1/0 on input line 307.
Package textcomp Info: Setting txr sub-encoding to TS1/0 on input line 308.
Package textcomp Info: Setting txss sub-encoding to TS1/0 on input line 309.
Package textcomp Info: Setting txtt sub-encoding to TS1/0 on input line 310.
Package textcomp Info: Setting lmr sub-encoding to TS1/0 on input line 311.
Package textcomp Info: Setting lmdh sub-encoding to TS1/0 on input line 312.
Package textcomp Info: Setting lmss sub-encoding to TS1/0 on input line 313.
Package textcomp Info: Setting lmssq sub-encoding to TS1/0 on input line 314.
Package textcomp Info: Setting lmvtt sub-encoding to TS1/0 on input line 315.
Package textcomp Info: Setting qhv sub-encoding to TS1/0 on input line 316.
Package textcomp Info: Setting qag sub-encoding to TS1/0 on input line 317.
Package textcomp Info: Setting qbk sub-encoding to TS1/0 on input line 318.
Package textcomp Info: Setting qcr sub-encoding to TS1/0 on input line 319.
Package textcomp Info: Setting qcs sub-encoding to TS1/0 on input line 320.
Package textcomp Info: Setting qpl sub-encoding to TS1/0 on input line 321.
Package textcomp Info: Setting qtm sub-encoding to TS1/0 on input line 322.
Package textcomp Info: Setting qzc sub-encoding to TS1/0 on input line 323.
Package textcomp Info: Setting qhvc sub-encoding to TS1/0 on input line 324.
Package textcomp Info: Setting futs sub-encoding to TS1/4 on input line 325.
Package textcomp Info: Setting futx sub-encoding to TS1/4 on input line 326.
Package textcomp Info: Setting futj sub-encoding to TS1/4 on input line 327.
Package textcomp Info: Setting hlh sub-encoding to TS1/3 on input line 328.
Package textcomp Info: Setting hls sub-encoding to TS1/3 on input line 329.
Package textcomp Info: Setting hlst sub-encoding to TS1/3 on input line 330.
Package textcomp Info: Setting hlct sub-encoding to TS1/5 on input line 331.
Package textcomp Info: Setting hlx sub-encoding to TS1/5 on input line 332.
Package textcomp Info: Setting hlce sub-encoding to TS1/5 on input line 333.
Package textcomp Info: Setting hlcn sub-encoding to TS1/5 on input line 334.
Package textcomp Info: Setting hlcw sub-encoding to TS1/5 on input line 335.
Package textcomp Info: Setting hlcf sub-encoding to TS1/5 on input line 336.
Package textcomp Info: Setting pplx sub-encoding to TS1/3 on input line 337.
Package textcomp Info: Setting pplj sub-encoding to TS1/3 on input line 338.
Package textcomp Info: Setting ptmx sub-encoding to TS1/4 on input line 339.
Package textcomp Info: Setting ptmj sub-encoding to TS1/4 on input line 340.
)
("C:\Program Files (x86)\MiKTeX 2.9\tex\latex\amsmath\amsmath.sty"
Package: amsmath 2013/01/14 v2.14 AMS math features
\@mathmargin=\skip43

For additional information on amsmath, use the `?' option.
("C:\Program Files (x86)\MiKTeX 2.9\tex\latex\amsmath\amstext.sty"
Package: amstext 2000/06/29 v2.01

("C:\Program Files (x86)\MiKTeX 2.9\tex\latex\amsmath\amsgen.sty"
File: amsgen.sty 1999/11/30 v2.0
\@emptytoks=\toks18
\ex@=\dimen120
))
("C:\Program Files (x86)\MiKTeX 2.9\tex\latex\amsmath\amsbsy.sty"
Package: amsbsy 1999/11/29 v1.2d
\pmbraise@=\dimen121
)
("C:\Program Files (x86)\MiKTeX 2.9\tex\latex\amsmath\amsopn.sty"
Package: amsopn 1999/12/14 v2.01 operator names
)
\inf@bad=\count93
LaTeX Info: Redefining \frac on input line 210.
\uproot@=\count94
\leftroot@=\count95
LaTeX Info: Redefining \overline on input line 306.
\classnum@=\count96
\DOTSCASE@=\count97
LaTeX Info: Redefining \ldots on input line 378.
LaTeX Info: Redefining \dots on input line 381.
LaTeX Info: Redefining \cdots on input line 466.
\Mathstrutbox@=\box28
\strutbox@=\box29
\big@size=\dimen122
LaTeX Font Info:    Redeclaring font encoding OML on input line 566.
LaTeX Font Info:    Redeclaring font encoding OMS on input line 567.
\macc@depth=\count98
\c@MaxMatrixCols=\count99
\dotsspace@=\muskip10
\c@parentequation=\count100
\dspbrk@lvl=\count101
\tag@help=\toks19
\row@=\count102
\column@=\count103
\maxfields@=\count104
\andhelp@=\toks20
\eqnshift@=\dimen123
\alignsep@=\dimen124
\tagshift@=\dimen125
\tagwidth@=\dimen126
\totwidth@=\dimen127
\lineht@=\dimen128
\@envbody=\toks21
\multlinegap=\skip44
\multlinetaggap=\skip45
\mathdisplay@stack=\toks22
LaTeX Info: Redefining \[ on input line 2665.
LaTeX Info: Redefining \] on input line 2666.
)
("C:\Program Files (x86)\MiKTeX 2.9\tex\latex\hyperref\hyperref.sty"
Package: hyperref 2012/11/06 v6.83m Hypertext links for LaTeX

("C:\Program Files (x86)\MiKTeX 2.9\tex\generic\oberdiek\hobsub-hyperref.sty"
Package: hobsub-hyperref 2012/04/25 v1.12 Bundle oberdiek, subset hyperref (HO)


("C:\Program Files (x86)\MiKTeX 2.9\tex\generic\oberdiek\hobsub-generic.sty"
Package: hobsub-generic 2012/04/25 v1.12 Bundle oberdiek, subset generic (HO)
Package: hobsub 2012/04/25 v1.12 Construct package bundles (HO)
Package hobsub Info: Skipping package `infwarerr' (already loaded).
Package hobsub Info: Skipping package `ltxcmds' (already loaded).
Package: ifluatex 2010/03/01 v1.3 Provides the ifluatex switch (HO)
Package ifluatex Info: LuaTeX not detected.
Package hobsub Info: Skipping package `ifvtex' (already loaded).
Package: intcalc 2007/09/27 v1.1 Expandable calculations with integers (HO)
Package hobsub Info: Skipping package `ifpdf' (already loaded).
Package: etexcmds 2011/02/16 v1.5 Avoid name clashes with e-TeX commands (HO)
Package etexcmds Info: Could not find \expanded.
(etexcmds)             That can mean that you are not using pdfTeX 1.50 or
(etexcmds)             that some package has redefined \expanded.
(etexcmds)             In the latter case, load this package earlier.
Package: kvsetkeys 2012/04/25 v1.16 Key value parser (HO)
Package: kvdefinekeys 2011/04/07 v1.3 Define keys (HO)
Package: pdftexcmds 2011/11/29 v0.20 Utility functions of pdfTeX for LuaTeX (HO
)
Package pdftexcmds Info: LuaTeX not detected.
Package pdftexcmds Info: \pdf@primitive is available.
Package pdftexcmds Info: \pdf@ifprimitive is available.
Package pdftexcmds Info: \pdfdraftmode found.
Package: pdfescape 2011/11/25 v1.13 Implements pdfTeX's escape features (HO)
Package: bigintcalc 2012/04/08 v1.3 Expandable calculations on big integers (HO
)
Package: bitset 2011/01/30 v1.1 Handle bit-vector datatype (HO)
Package: uniquecounter 2011/01/30 v1.2 Provide unlimited unique counter (HO)
)
Package hobsub Info: Skipping package `hobsub' (already loaded).
Package: letltxmacro 2010/09/02 v1.4 Let assignment for LaTeX macros (HO)
Package: hopatch 2011/06/24 v1.1 Wrapper for package hooks (HO)
Package: xcolor-patch 2011/01/30 xcolor patch
Package: atveryend 2011/06/30 v1.8 Hooks at the very end of document (HO)
Package atveryend Info: \enddocument detected (standard20110627).
Package: atbegshi 2011/10/05 v1.16 At begin shipout hook (HO)
Package: refcount 2011/10/16 v3.4 Data extraction from label references (HO)
Package: hycolor 2011/01/30 v1.7 Color options for hyperref/bookmark (HO)
)
("C:\Program Files (x86)\MiKTeX 2.9\tex\latex\oberdiek\auxhook.sty"
Package: auxhook 2011/03/04 v1.3 Hooks for auxiliary files (HO)
)
("C:\Program Files (x86)\MiKTeX 2.9\tex\latex\oberdiek\kvoptions.sty"
Package: kvoptions 2011/06/30 v3.11 Key value format for package options (HO)
)
\@linkdim=\dimen129
\Hy@linkcounter=\count105
\Hy@pagecounter=\count106

("C:\Program Files (x86)\MiKTeX 2.9\tex\latex\hyperref\pd1enc.def"
File: pd1enc.def 2012/11/06 v6.83m Hyperref: PDFDocEncoding definition (HO)
)
\Hy@SavedSpaceFactor=\count107

("C:\Program Files (x86)\MiKTeX 2.9\tex\latex\00miktex\hyperref.cfg"
File: hyperref.cfg 2002/06/06 v1.2 hyperref configuration of TeXLive
)
Package hyperref Info: Hyper figures OFF on input line 4443.
Package hyperref Info: Link nesting OFF on input line 4448.
Package hyperref Info: Hyper index ON on input line 4451.
Package hyperref Info: Plain pages OFF on input line 4458.
Package hyperref Info: Backreferencing OFF on input line 4463.
Package hyperref Info: Implicit mode ON; LaTeX internals redefined.
Package hyperref Info: Bookmarks ON on input line 4688.
\c@Hy@tempcnt=\count108

("C:\Program Files (x86)\MiKTeX 2.9\tex\latex\url\url.sty"
\Urlmuskip=\muskip11
Package: url 2013/09/16  ver 3.4  Verb mode for urls, etc.
)
LaTeX Info: Redefining \url on input line 5041.
\XeTeXLinkMargin=\dimen130
\Fld@menulength=\count109
\Field@Width=\dimen131
\Fld@charsize=\dimen132
Package hyperref Info: Hyper figures OFF on input line 6295.
Package hyperref Info: Link nesting OFF on input line 6300.
Package hyperref Info: Hyper index ON on input line 6303.
Package hyperref Info: backreferencing OFF on input line 6310.
Package hyperref Info: Link coloring OFF on input line 6315.
Package hyperref Info: Link coloring with OCG OFF on input line 6320.
Package hyperref Info: PDF/A mode OFF on input line 6325.
LaTeX Info: Redefining \ref on input line 6365.
LaTeX Info: Redefining \pageref on input line 6369.
\Hy@abspage=\count110
\c@Item=\count111
\c@Hfootnote=\count112
)

Package hyperref Message: Driver (autodetected): hpdftex.

("C:\Program Files (x86)\MiKTeX 2.9\tex\latex\hyperref\hpdftex.def"
File: hpdftex.def 2012/11/06 v6.83m Hyperref driver for pdfTeX
\Fld@listcount=\count113
\c@bookmark@seq@number=\count114

("C:\Program Files (x86)\MiKTeX 2.9\tex\latex\oberdiek\rerunfilecheck.sty"
Package: rerunfilecheck 2011/04/15 v1.7 Rerun checks for auxiliary files (HO)
Package uniquecounter Info: New unique counter `rerunfilecheck' on input line 2
82.
)
\Hy@SectionHShift=\skip46
)
("C:\Program Files (x86)\MiKTeX 2.9\tex\latex\tools\afterpage.sty"
Package: afterpage 1995/10/27 v1.08 After-Page Package (DPC)
\AP@output=\toks23
\AP@partial=\box30
\AP@footins=\box31
)
("C:\Program Files (x86)\MiKTeX 2.9\tex\latex\caption\subcaption.sty"
Package: subcaption 2015/09/15 v1.1-100 Sub-captions (AR)
\c@subfigure=\count115
\c@subtable=\count116
)
(C:\Users\Robin\Documents\Writing\Reports\shot_PIIN_QRNG_report\QRNGshortPIIN_r
eport.aux)
LaTeX Font Info:    Checking defaults for OML/cmm/m/it on input line 39.
LaTeX Font Info:    ... okay on input line 39.
LaTeX Font Info:    Checking defaults for T1/cmr/m/n on input line 39.
LaTeX Font Info:    ... okay on input line 39.
LaTeX Font Info:    Checking defaults for OT1/cmr/m/n on input line 39.
LaTeX Font Info:    ... okay on input line 39.
LaTeX Font Info:    Checking defaults for OMS/cmsy/m/n on input line 39.
LaTeX Font Info:    ... okay on input line 39.
LaTeX Font Info:    Checking defaults for OMX/cmex/m/n on input line 39.
LaTeX Font Info:    ... okay on input line 39.
LaTeX Font Info:    Checking defaults for U/cmr/m/n on input line 39.
LaTeX Font Info:    ... okay on input line 39.
LaTeX Font Info:    Checking defaults for TS1/cmr/m/n on input line 39.
LaTeX Font Info:    Try loading font information for TS1+cmr on input line 39.
 ("C:\Program Files (x86)\MiKTeX 2.9\tex\latex\base\ts1cmr.fd"
File: ts1cmr.fd 1999/05/25 v2.5h Standard LaTeX font definitions
)
LaTeX Font Info:    ... okay on input line 39.
LaTeX Font Info:    Checking defaults for PD1/pdf/m/n on input line 39.
LaTeX Font Info:    ... okay on input line 39.

*geometry* driver: auto-detecting
*geometry* detected driver: pdftex
*geometry* verbose mode - [ preamble ] result:
* driver: pdftex
* paper: <default>
* layout: <same size as paper>
* layoutoffset:(h,v)=(0.0pt,0.0pt)
* modes: 
* h-part:(L,W,R)=(93.95122pt, 426.39256pt, 93.95122pt)
* v-part:(T,H,B)=(93.95122pt, 607.06755pt, 93.95122pt)
* \paperwidth=614.295pt
* \paperheight=794.96999pt
* \textwidth=426.39256pt
* \textheight=607.06755pt
* \oddsidemargin=21.68123pt
* \evensidemargin=21.68123pt
* \topmargin=-15.31877pt
* \headheight=12.0pt
* \headsep=25.0pt
* \topskip=10.0pt
* \footskip=30.0pt
* \marginparwidth=65.0pt
* \marginparsep=11.0pt
* \columnsep=10.0pt
* \skip\footins=9.0pt plus 4.0pt minus 2.0pt
* \hoffset=0.0pt
* \voffset=0.0pt
* \mag=1000
* \@twocolumnfalse
* \@twosidefalse
* \@mparswitchfalse
* \@reversemarginfalse
* (1in=72.27pt=25.4mm, 1cm=28.453pt)

("C:\Program Files (x86)\MiKTeX 2.9\tex\context\base\supp-pdf.mkii"
[Loading MPS to PDF converter (version 2006.09.02).]
\scratchcounter=\count117
\scratchdimen=\dimen133
\scratchbox=\box32
\nofMPsegments=\count118
\nofMParguments=\count119
\everyMPshowfont=\toks24
\MPscratchCnt=\count120
\MPscratchDim=\dimen134
\MPnumerator=\count121
\makeMPintoPDFobject=\count122
\everyMPtoPDFconversion=\toks25
)
Package caption Info: Begin \AtBeginDocument code.
Package caption Info: hyperref package is loaded.
Package caption Info: End \AtBeginDocument code.
\symgns@font=\mathgroup4
LaTeX Font Info:    Overwriting symbol font `gns@font' in version `bold'
(Font)                  TS1/cmr/m/n --> TS1/cmr/bx/n on input line 39.
Package gensymb Info: Math companion symbols declared on input line 39.
LaTeX Info: Redefining \degree on input line 39.
LaTeX Info: Redefining \celsius on input line 39.
Package gensymb Info: Using text companion symbols for \degree, \celsius and \p
erthousand on input line 39.
LaTeX Info: Redefining \ohm on input line 39.
Package gensymb Info: Using \textohm for \ohm on input line 39.
Package gensymb Info: Using \textmu for \micro on input line 39.
\AtBeginShipoutBox=\box33
Package hyperref Info: Link coloring OFF on input line 39.
 ("C:\Program Files (x86)\MiKTeX 2.9\tex\latex\hyperref\nameref.sty"
Package: nameref 2012/10/27 v2.43 Cross-referencing by name of section

("C:\Program Files (x86)\MiKTeX 2.9\tex\generic\oberdiek\gettitlestring.sty"
Package: gettitlestring 2010/12/03 v1.4 Cleanup title references (HO)
)
\c@section@level=\count123
)
LaTeX Info: Redefining \ref on input line 39.
LaTeX Info: Redefining \pageref on input line 39.
LaTeX Info: Redefining \nameref on input line 39.

(C:\Users\Robin\Documents\Writing\Reports\shot_PIIN_QRNG_report\QRNGshortPIIN_r
eport.out)
(C:\Users\Robin\Documents\Writing\Reports\shot_PIIN_QRNG_report\QRNGshortPIIN_r
eport.out)
\@outlinefile=\write3
 [1

{C:/ProgramData/MiKTeX/2.9/pdftex/config/pdftex.map}]
<./Figures/simpleThermal_oneMode.png, id=96, 542.025pt x 44.41594pt>
File: ./Figures/simpleThermal_oneMode.png Graphic file (type png)

<use ./Figures/simpleThermal_oneMode.png>
Package pdftex.def Info: ./Figures/simpleThermal_oneMode.png used on input line
 85.
(pdftex.def)             Requested size: 383.7507pt x 31.44742pt.

<./Figures/simpleThermal_twoModes.png, id=99, 597.73312pt x 201.00093pt>
File: ./Figures/simpleThermal_twoModes.png Graphic file (type png)

<use ./Figures/simpleThermal_twoModes.png>
Package pdftex.def Info: ./Figures/simpleThermal_twoModes.png used on input lin
e 91.
(pdftex.def)             Requested size: 426.39256pt x 143.38638pt.


LaTeX Warning: `h' float specifier changed to `ht'.


LaTeX Warning: `h' float specifier changed to `ht'.

[2] [3 <C:/Users/Robin/Documents/Writing/Reports/shot_PIIN_QRNG_report/Figures/
simpleThermal_oneMode.png> <C:/Users/Robin/Documents/Writing/Reports/shot_PIIN_
QRNG_report/Figures/simpleThermal_twoModes.png>] [4]
<Figures/LED_setup1_v2.png, id=152, 509.0217pt x 396.40096pt>
File: Figures/LED_setup1_v2.png Graphic file (type png)

<use Figures/LED_setup1_v2.png>
Package pdftex.def Info: Figures/LED_setup1_v2.png used on input line 136.
(pdftex.def)             Requested size: 255.83813pt x 199.23428pt.
 [5 <C:/Users/Robin/Documents/Writing/Reports/shot_PIIN_QRNG_report/Figures/LED
_setup1_v2.png>]
<Figures/SPADsaturationEffect.png, id=163, 453.19313pt x 405.76593pt>
File: Figures/SPADsaturationEffect.png Graphic file (type png)

<use Figures/SPADsaturationEffect.png>
Package pdftex.def Info: Figures/SPADsaturationEffect.png used on input line 15
5.
(pdftex.def)             Requested size: 213.19627pt x 190.88338pt.
 [6 <C:/Users/Robin/Documents/Writing/Reports/shot_PIIN_QRNG_report/Figures/SPA
DsaturationEffect.png>]
<Figures/detectionScheme1.png, id=177, 469.755pt x 101.62968pt>
File: Figures/detectionScheme1.png Graphic file (type png)

<use Figures/detectionScheme1.png>
Package pdftex.def Info: Figures/detectionScheme1.png used on input line 171.
(pdftex.def)             Requested size: 341.11534pt x 73.79825pt.
 [7]
<Figures/electronics_schematic.png, id=186, 490.35194pt x 338.10315pt>
File: Figures/electronics_schematic.png Graphic file (type png)

<use Figures/electronics_schematic.png>
Package pdftex.def Info: Figures/electronics_schematic.png used on input line 1
83.
(pdftex.def)             Requested size: 341.11534pt x 235.20541pt.


LaTeX Warning: `!h' float specifier changed to `!ht'.

<Figures/detectionScheme2.png, id=189, 515.67656pt x 184.43906pt>
File: Figures/detectionScheme2.png Graphic file (type png)

<use Figures/detectionScheme2.png>
Package pdftex.def Info: Figures/detectionScheme2.png used on input line 192.
(pdftex.def)             Requested size: 298.47348pt x 106.7552pt.


LaTeX Warning: `h' float specifier changed to `ht'.

[8 <C:/Users/Robin/Documents/Writing/Reports/shot_PIIN_QRNG_report/Figures/dete
ctionScheme1.png>] [9 <C:/Users/Robin/Documents/Writing/Reports/shot_PIIN_QRNG_
report/Figures/electronics_schematic.png>]
<Figures/detectionScheme3b.png, id=210, 515.67656pt x 184.43906pt>
File: Figures/detectionScheme3b.png Graphic file (type png)

<use Figures/detectionScheme3b.png>
Package pdftex.def Info: Figures/detectionScheme3b.png used on input line 205.
(pdftex.def)             Requested size: 298.47348pt x 106.7552pt.
 [10 <C:/Users/Robin/Documents/Writing/Reports/shot_PIIN_QRNG_report/Figures/de
tectionScheme2.png> <C:/Users/Robin/Documents/Writing/Reports/shot_PIIN_QRNG_re
port/Figures/detectionScheme3b.png>]
[11]
(C:\Users\Robin\Documents\Writing\Reports\shot_PIIN_QRNG_report\QRNGshortPIIN_r
eport.bbl
Missing character: There is no Ã in font cmr10!
Missing character: There is no ¡ in font cmr10!
Missing character: There is no Ã in font cmr10!
Missing character: There is no ­ in font cmr10!
Missing character: There is no Ã in font cmr10!
Missing character: There is no ¡ in font cmr10!
Missing character: There is no Ã in font cmr10!
Missing character: There is no — in font cmr10!
 [12

])
Package atveryend Info: Empty hook `BeforeClearDocument' on input line 218.
 [13]
Package atveryend Info: Empty hook `AfterLastShipout' on input line 218.

(C:\Users\Robin\Documents\Writing\Reports\shot_PIIN_QRNG_report\QRNGshortPIIN_r
eport.aux)
Package atveryend Info: Executing hook `AtVeryEndDocument' on input line 218.
Package atveryend Info: Executing hook `AtEndAfterFileList' on input line 218.
Package rerunfilecheck Info: File `QRNGshortPIIN_report.out' has not changed.
(rerunfilecheck)             Checksum: F2453D6133A03EB9FF54C836FC4A0FFD;853.
Package atveryend Info: Empty hook `AtVeryVeryEnd' on input line 218.
 ) 
Here is how much of TeX's memory you used:
 7858 strings out of 493921
 120082 string characters out of 3144876
 212938 words of memory out of 3000000
 10990 multiletter control sequences out of 15000+200000
 14454 words of font info for 50 fonts, out of 3000000 for 9000
 841 hyphenation exceptions out of 8191
 36i,14n,38p,2275b,434s stack positions out of 5000i,500n,10000p,200000b,50000s
 <C:\Users\Robin\AppData\Local\MiKTeX\2.9\fonts\pk\ljfour\jknappen\ec\dpi600\
tcrm1000.pk><C:/Program Files (x86)/MiKTeX 2.9/fonts/type1/public/amsfonts/cm/c
mbx10.pfb><C:/Program Files (x86)/MiKTeX 2.9/fonts/type1/public/amsfonts/cm/cmb
x12.pfb><C:/Program Files (x86)/MiKTeX 2.9/fonts/type1/public/amsfonts/cm/cmbx9
.pfb><C:/Program Files (x86)/MiKTeX 2.9/fonts/type1/public/amsfonts/cm/cmex10.p
fb><C:/Program Files (x86)/MiKTeX 2.9/fonts/type1/public/amsfonts/cm/cmmi10.pfb
><C:/Program Files (x86)/MiKTeX 2.9/fonts/type1/public/amsfonts/cm/cmmi5.pfb><C
:/Program Files (x86)/MiKTeX 2.9/fonts/type1/public/amsfonts/cm/cmmi6.pfb><C:/P
rogram Files (x86)/MiKTeX 2.9/fonts/type1/public/amsfonts/cm/cmmi7.pfb><C:/Prog
ram Files (x86)/MiKTeX 2.9/fonts/type1/public/amsfonts/cm/cmmi9.pfb><C:/Program
 Files (x86)/MiKTeX 2.9/fonts/type1/public/amsfonts/cm/cmr10.pfb><C:/Program Fi
les (x86)/MiKTeX 2.9/fonts/type1/public/amsfonts/cm/cmr12.pfb><C:/Program Files
 (x86)/MiKTeX 2.9/fonts/type1/public/amsfonts/cm/cmr17.pfb><C:/Program Files (x
86)/MiKTeX 2.9/fonts/type1/public/amsfonts/cm/cmr5.pfb><C:/Program Files (x86)/
MiKTeX 2.9/fonts/type1/public/amsfonts/cm/cmr6.pfb><C:/Program Files (x86)/MiKT
eX 2.9/fonts/type1/public/amsfonts/cm/cmr7.pfb><C:/Program Files (x86)/MiKTeX 2
.9/fonts/type1/public/amsfonts/cm/cmr9.pfb><C:/Program Files (x86)/MiKTeX 2.9/f
onts/type1/public/amsfonts/cm/cmsy10.pfb><C:/Program Files (x86)/MiKTeX 2.9/fon
ts/type1/public/amsfonts/cm/cmsy7.pfb><C:/Program Files (x86)/MiKTeX 2.9/fonts/
type1/public/amsfonts/cm/cmti10.pfb><C:/Program Files (x86)/MiKTeX 2.9/fonts/ty
pe1/public/amsfonts/cm/cmti9.pfb>
Output written on QRNGshortPIIN_report.pdf (13 pages, 3273833 bytes).
PDF statistics:
 326 PDF objects out of 1000 (max. 8388607)
 65 named destinations out of 1000 (max. 500000)
 137 words of extra memory for PDF output out of 10000 (max. 10000000)

